<?xml version="1.0" encoding="UTF-8"?>
<!-- Generated by org.testng.reporters.JUnitReportReporter -->
<testsuite hostname="Ganyas-MBP.attlocal.net" failures="0" tests="1" name="com.automation.tests.Leads" time="15.553" errors="0" timestamp="2023-06-17T21:28:51 PDT" skipped="0">
  <testcase classname="com.automation.tests.Leads" name="ViewTodaysLeadsItem23" time="15.553"/>
  <system-out/>
</testsuite> <!-- com.automation.tests.Leads -->
