<?xml version="1.0" encoding="UTF-8"?>
<!-- Generated by org.testng.reporters.JUnitReportReporter -->
<testsuite hostname="Ganyas-MBP.attlocal.net" failures="0" tests="1" name="com.automation.tests.SalesforceLogin" time="10.796" errors="0" timestamp="2023-06-19T14:21:11 PDT" skipped="0">
  <testcase classname="com.automation.tests.SalesforceLogin" name="checkRememberMe3" time="10.796"/>
  <system-out/>
</testsuite> <!-- com.automation.tests.SalesforceLogin -->
